<?xml version="1.0" encoding="UTF-8"?>
<testng-results ignored="0" total="8" passed="8" failed="0" skipped="0">
  <reporter-output>
  </reporter-output>
  <suite started-at="2024-01-11T12:28:20 EST" name="Default suite" finished-at="2024-01-11T12:28:37 EST" duration-ms="16774">
    <groups>
      <group name="cucumber">
        <method signature="AbstractTestNGCucumberTests.runScenario(io.cucumber.testng.PickleWrapper,io.cucumber.testng.FeatureWrapper)[pri:0, instance:TestRunner.MyTestRunner2@7f2cfe3f]" name="runScenario" class="io.cucumber.testng.AbstractTestNGCucumberTests"/>
      </group> <!-- cucumber -->
    </groups>
    <test started-at="2024-01-11T12:28:20 EST" name="Default test" finished-at="2024-01-11T12:28:37 EST" duration-ms="16774">
      <class name="TestRunner.MyTestRunner2">
        <test-method is-config="true" signature="setUpClass(org.testng.ITestContext)[pri:0, instance:TestRunner.MyTestRunner2@7f2cfe3f]" started-at="2024-01-11T12:28:20 EST" name="setUpClass" finished-at="2024-01-11T12:28:21 EST" duration-ms="703" status="PASS">
          <params>
            <param index="0">
              <value>
                <![CDATA[org.testng.TestRunner@4e80a001]]>
              </value>
            </param>
          </params>
          <reporter-output>
          </reporter-output>
        </test-method> <!-- setUpClass -->
        <test-method signature="runScenario(io.cucumber.testng.PickleWrapper,io.cucumber.testng.FeatureWrapper)[pri:0, instance:TestRunner.MyTestRunner2@7f2cfe3f]" started-at="2024-01-11T12:28:21 EST" name="runScenario" description="Runs Cucumber Scenarios" data-provider="scenarios" finished-at="2024-01-11T12:28:34 EST" duration-ms="12929" status="PASS">
          <params>
            <param index="0">
              <value>
                <![CDATA["Array Page Basic Operations in Lists page"]]>
              </value>
            </param>
            <param index="1">
              <value>
                <![CDATA["Array Page Feature"]]>
              </value>
            </param>
          </params>
          <reporter-output>
          </reporter-output>
        </test-method> <!-- runScenario -->
        <test-method signature="runScenario(io.cucumber.testng.PickleWrapper,io.cucumber.testng.FeatureWrapper)[pri:0, instance:TestRunner.MyTestRunner2@7f2cfe3f]" started-at="2024-01-11T12:28:21 EST" name="runScenario" description="Runs Cucumber Scenarios" data-provider="scenarios" finished-at="2024-01-11T12:28:34 EST" duration-ms="12971" status="PASS">
          <params>
            <param index="0">
              <value>
                <![CDATA["Array Page - Arrays In Python - Practice Questions in Lists button - Find Numbers with Even Number of Digits Link"]]>
              </value>
            </param>
            <param index="1">
              <value>
                <![CDATA["Array Page Feature"]]>
              </value>
            </param>
          </params>
          <reporter-output>
          </reporter-output>
        </test-method> <!-- runScenario -->
        <test-method signature="runScenario(io.cucumber.testng.PickleWrapper,io.cucumber.testng.FeatureWrapper)[pri:0, instance:TestRunner.MyTestRunner2@7f2cfe3f]" started-at="2024-01-11T12:28:21 EST" name="runScenario" description="Runs Cucumber Scenarios" data-provider="scenarios" finished-at="2024-01-11T12:28:33 EST" duration-ms="12797" status="PASS">
          <params>
            <param index="0">
              <value>
                <![CDATA["Array Page Applications of Array page"]]>
              </value>
            </param>
            <param index="1">
              <value>
                <![CDATA["Array Page Feature"]]>
              </value>
            </param>
          </params>
          <reporter-output>
          </reporter-output>
        </test-method> <!-- runScenario -->
        <test-method signature="runScenario(io.cucumber.testng.PickleWrapper,io.cucumber.testng.FeatureWrapper)[pri:0, instance:TestRunner.MyTestRunner2@7f2cfe3f]" started-at="2024-01-11T12:28:21 EST" name="runScenario" description="Runs Cucumber Scenarios" data-provider="scenarios" finished-at="2024-01-11T12:28:34 EST" duration-ms="12897" status="PASS">
          <params>
            <param index="0">
              <value>
                <![CDATA["Array Page Arrays in Python"]]>
              </value>
            </param>
            <param index="1">
              <value>
                <![CDATA["Array Page Feature"]]>
              </value>
            </param>
          </params>
          <reporter-output>
          </reporter-output>
        </test-method> <!-- runScenario -->
        <test-method signature="runScenario(io.cucumber.testng.PickleWrapper,io.cucumber.testng.FeatureWrapper)[pri:0, instance:TestRunner.MyTestRunner2@7f2cfe3f]" started-at="2024-01-11T12:28:21 EST" name="runScenario" description="Runs Cucumber Scenarios" data-provider="scenarios" finished-at="2024-01-11T12:28:34 EST" duration-ms="12957" status="PASS">
          <params>
            <param index="0">
              <value>
                <![CDATA["Array Page Arrays Using List page"]]>
              </value>
            </param>
            <param index="1">
              <value>
                <![CDATA["Array Page Feature"]]>
              </value>
            </param>
          </params>
          <reporter-output>
          </reporter-output>
        </test-method> <!-- runScenario -->
        <test-method signature="runScenario(io.cucumber.testng.PickleWrapper,io.cucumber.testng.FeatureWrapper)[pri:0, instance:TestRunner.MyTestRunner2@7f2cfe3f]" started-at="2024-01-11T12:28:21 EST" name="runScenario" description="Runs Cucumber Scenarios" data-provider="scenarios" finished-at="2024-01-11T12:28:34 EST" duration-ms="13093" status="PASS">
          <params>
            <param index="0">
              <value>
                <![CDATA["Array Page - Arrays In Python - Practice Questions in Lists button - Squares of  a Sorted Array Link"]]>
              </value>
            </param>
            <param index="1">
              <value>
                <![CDATA["Array Page Feature"]]>
              </value>
            </param>
          </params>
          <reporter-output>
          </reporter-output>
        </test-method> <!-- runScenario -->
        <test-method signature="runScenario(io.cucumber.testng.PickleWrapper,io.cucumber.testng.FeatureWrapper)[pri:0, instance:TestRunner.MyTestRunner2@7f2cfe3f]" started-at="2024-01-11T12:28:21 EST" name="runScenario" description="Runs Cucumber Scenarios" data-provider="scenarios" finished-at="2024-01-11T12:28:34 EST" duration-ms="13597" status="PASS">
          <params>
            <param index="0">
              <value>
                <![CDATA["Array Page - Arrays In Python - Practice Questions in Lists button - Max Consecutive Ones Link"]]>
              </value>
            </param>
            <param index="1">
              <value>
                <![CDATA["Array Page Feature"]]>
              </value>
            </param>
          </params>
          <reporter-output>
          </reporter-output>
        </test-method> <!-- runScenario -->
        <test-method signature="runScenario(io.cucumber.testng.PickleWrapper,io.cucumber.testng.FeatureWrapper)[pri:0, instance:TestRunner.MyTestRunner2@7f2cfe3f]" started-at="2024-01-11T12:28:21 EST" name="runScenario" description="Runs Cucumber Scenarios" data-provider="scenarios" finished-at="2024-01-11T12:28:34 EST" duration-ms="13070" status="PASS">
          <params>
            <param index="0">
              <value>
                <![CDATA["Array Page - Arrays In Python -  Practice Questions in Lists button - Search the array Link"]]>
              </value>
            </param>
            <param index="1">
              <value>
                <![CDATA["Array Page Feature"]]>
              </value>
            </param>
          </params>
          <reporter-output>
          </reporter-output>
        </test-method> <!-- runScenario -->
        <test-method is-config="true" signature="tearDownClass()[pri:0, instance:TestRunner.MyTestRunner2@7f2cfe3f]" started-at="2024-01-11T12:28:34 EST" name="tearDownClass" finished-at="2024-01-11T12:28:37 EST" duration-ms="2437" status="PASS">
          <reporter-output>
          </reporter-output>
        </test-method> <!-- tearDownClass -->
      </class> <!-- TestRunner.MyTestRunner2 -->
    </test> <!-- Default test -->
  </suite> <!-- Default suite -->
</testng-results>
